[2020-03-23 11:41:42:17792][http-nio-8080-exec-4] WARN  c.kim.getjob.aop.warn.BindingAdvice - com.kim.getjob.controller.UserController.join() => 필드 : phone 경고 : 전화번호를 입력하세요.
[2020-03-23 11:41:42:17795][http-nio-8080-exec-4] WARN  c.kim.getjob.aop.warn.BindingAdvice - com.kim.getjob.controller.UserController.join() => 필드 : password 경고 : 패스워드를 입력하세요.
[2020-03-23 11:41:42:17795][http-nio-8080-exec-4] WARN  c.kim.getjob.aop.warn.BindingAdvice - com.kim.getjob.controller.UserController.join() => 필드 : email 경고 : 이메일을 입력하세요.
[2020-03-23 11:41:42:17795][http-nio-8080-exec-4] WARN  c.kim.getjob.aop.warn.BindingAdvice - com.kim.getjob.controller.UserController.join() => 필드 : userId 경고 : 아이디를 입력하세요.
[2020-03-23 11:41:45:21029][http-nio-8080-exec-6] WARN  c.kim.getjob.aop.warn.BindingAdvice - com.kim.getjob.controller.UserController.join() => 필드 : userId 경고 : 아이디를 입력하세요.
[2020-03-23 11:41:45:21029][http-nio-8080-exec-6] WARN  c.kim.getjob.aop.warn.BindingAdvice - com.kim.getjob.controller.UserController.join() => 필드 : phone 경고 : 전화번호를 입력하세요.
[2020-03-23 11:41:45:21029][http-nio-8080-exec-6] WARN  c.kim.getjob.aop.warn.BindingAdvice - com.kim.getjob.controller.UserController.join() => 필드 : password 경고 : 패스워드를 입력하세요.
[2020-03-23 11:41:45:21029][http-nio-8080-exec-6] WARN  c.kim.getjob.aop.warn.BindingAdvice - com.kim.getjob.controller.UserController.join() => 필드 : email 경고 : 이메일을 입력하세요.
[2020-03-23 11:54:54:809849][http-nio-8080-exec-6] WARN  c.kim.getjob.aop.warn.BindingAdvice - com.kim.getjob.controller.UserController.join() => 필드 : userId 경고 : 아이디를 입력하세요.
[2020-03-23 11:54:54:809849][http-nio-8080-exec-6] WARN  c.kim.getjob.aop.warn.BindingAdvice - com.kim.getjob.controller.UserController.join() => 필드 : phone 경고 : 전화번호를 입력하세요.
[2020-03-23 11:54:54:809849][http-nio-8080-exec-6] WARN  c.kim.getjob.aop.warn.BindingAdvice - com.kim.getjob.controller.UserController.join() => 필드 : email 경고 : 이메일을 입력하세요.
[2020-03-23 11:54:54:809849][http-nio-8080-exec-6] WARN  c.kim.getjob.aop.warn.BindingAdvice - com.kim.getjob.controller.UserController.join() => 필드 : password 경고 : 패스워드를 입력하세요.
[2020-03-23 12:02:43:1278661][http-nio-8080-exec-10] WARN  c.kim.getjob.aop.warn.BindingAdvice - com.kim.getjob.controller.UserController.join() => 필드 : password 경고 : 패스워드를 입력하세요.
[2020-03-23 12:02:43:1278662][http-nio-8080-exec-10] WARN  c.kim.getjob.aop.warn.BindingAdvice - com.kim.getjob.controller.UserController.join() => 필드 : email 경고 : 이메일을 입력하세요.
[2020-03-23 12:02:43:1278662][http-nio-8080-exec-10] WARN  c.kim.getjob.aop.warn.BindingAdvice - com.kim.getjob.controller.UserController.join() => 필드 : userName 경고 : 이름을 입력하세요.
[2020-03-23 12:02:43:1278662][http-nio-8080-exec-10] WARN  c.kim.getjob.aop.warn.BindingAdvice - com.kim.getjob.controller.UserController.join() => 필드 : phone 경고 : 전화번호를 입력하세요.
[2020-03-23 12:02:43:1278662][http-nio-8080-exec-10] WARN  c.kim.getjob.aop.warn.BindingAdvice - com.kim.getjob.controller.UserController.join() => 필드 : userId 경고 : 아이디를 입력하세요.
[2020-03-23 12:02:47:1282949][http-nio-8080-exec-4] WARN  c.kim.getjob.aop.warn.BindingAdvice - com.kim.getjob.controller.UserController.join() => 필드 : password 경고 : 패스워드를 입력하세요.
[2020-03-23 12:02:47:1282949][http-nio-8080-exec-4] WARN  c.kim.getjob.aop.warn.BindingAdvice - com.kim.getjob.controller.UserController.join() => 필드 : email 경고 : 이메일을 입력하세요.
[2020-03-23 12:02:47:1282949][http-nio-8080-exec-4] WARN  c.kim.getjob.aop.warn.BindingAdvice - com.kim.getjob.controller.UserController.join() => 필드 : userName 경고 : 이름을 입력하세요.
[2020-03-23 12:02:47:1282949][http-nio-8080-exec-4] WARN  c.kim.getjob.aop.warn.BindingAdvice - com.kim.getjob.controller.UserController.join() => 필드 : phone 경고 : 전화번호를 입력하세요.
[2020-03-23 12:02:47:1282949][http-nio-8080-exec-4] WARN  c.kim.getjob.aop.warn.BindingAdvice - com.kim.getjob.controller.UserController.join() => 필드 : userId 경고 : 아이디를 입력하세요.
[2020-03-23 12:04:42:1398220][http-nio-8080-exec-4] WARN  c.kim.getjob.aop.warn.BindingAdvice - com.kim.getjob.controller.UserController.join() => 필드 : password 경고 : 패스워드를 입력하세요.
[2020-03-23 12:04:42:1398221][http-nio-8080-exec-4] WARN  c.kim.getjob.aop.warn.BindingAdvice - com.kim.getjob.controller.UserController.join() => 필드 : email 경고 : 이메일을 입력하세요.
[2020-03-23 12:04:42:1398221][http-nio-8080-exec-4] WARN  c.kim.getjob.aop.warn.BindingAdvice - com.kim.getjob.controller.UserController.join() => 필드 : userId 경고 : 아이디를 입력하세요.
[2020-03-23 12:04:42:1398221][http-nio-8080-exec-4] WARN  c.kim.getjob.aop.warn.BindingAdvice - com.kim.getjob.controller.UserController.join() => 필드 : userName 경고 : 이름을 입력하세요.
[2020-03-23 12:04:42:1398221][http-nio-8080-exec-4] WARN  c.kim.getjob.aop.warn.BindingAdvice - com.kim.getjob.controller.UserController.join() => 필드 : phone 경고 : 전화번호를 입력하세요.
[2020-03-23 12:05:43:1458573][http-nio-8080-exec-5] WARN  c.kim.getjob.aop.warn.BindingAdvice - com.kim.getjob.controller.UserController.join() => 필드 : phone 경고 : 전화번호를 입력하세요.
[2020-03-23 12:05:43:1458573][http-nio-8080-exec-5] WARN  c.kim.getjob.aop.warn.BindingAdvice - com.kim.getjob.controller.UserController.join() => 필드 : email 경고 : 이메일을 입력하세요.
[2020-03-23 12:05:43:1458573][http-nio-8080-exec-5] WARN  c.kim.getjob.aop.warn.BindingAdvice - com.kim.getjob.controller.UserController.join() => 필드 : userId 경고 : 아이디를 입력하세요.
[2020-03-23 12:05:43:1458573][http-nio-8080-exec-5] WARN  c.kim.getjob.aop.warn.BindingAdvice - com.kim.getjob.controller.UserController.join() => 필드 : password 경고 : 패스워드를 입력하세요.
[2020-03-23 12:11:15:1791093][http-nio-8080-exec-1] WARN  c.kim.getjob.aop.warn.BindingAdvice - com.kim.getjob.controller.UserController.join() => 필드 : email 경고 : 이메일을 입력하세요.
[2020-03-23 12:11:15:1791095][http-nio-8080-exec-1] WARN  c.kim.getjob.aop.warn.BindingAdvice - com.kim.getjob.controller.UserController.join() => 필드 : password 경고 : 패스워드를 입력하세요.
[2020-03-23 12:11:15:1791095][http-nio-8080-exec-1] WARN  c.kim.getjob.aop.warn.BindingAdvice - com.kim.getjob.controller.UserController.join() => 필드 : userId 경고 : 아이디를 입력하세요.
[2020-03-23 12:11:15:1791095][http-nio-8080-exec-1] WARN  c.kim.getjob.aop.warn.BindingAdvice - com.kim.getjob.controller.UserController.join() => 필드 : phone 경고 : 전화번호를 입력하세요.
[2020-03-23 12:14:00:1955678][http-nio-8080-exec-3] WARN  c.kim.getjob.aop.warn.BindingAdvice - com.kim.getjob.controller.UserController.join() => 필드 : userId 경고 : 아이디를 입력하세요.
[2020-03-23 12:14:00:1955678][http-nio-8080-exec-3] WARN  c.kim.getjob.aop.warn.BindingAdvice - com.kim.getjob.controller.UserController.join() => 필드 : phone 경고 : 전화번호를 입력하세요.
[2020-03-23 12:14:00:1955678][http-nio-8080-exec-3] WARN  c.kim.getjob.aop.warn.BindingAdvice - com.kim.getjob.controller.UserController.join() => 필드 : password 경고 : 패스워드를 입력하세요.
[2020-03-23 12:14:00:1955678][http-nio-8080-exec-3] WARN  c.kim.getjob.aop.warn.BindingAdvice - com.kim.getjob.controller.UserController.join() => 필드 : email 경고 : 이메일을 입력하세요.
[2020-03-23 12:14:03:1958660][http-nio-8080-exec-9] WARN  c.kim.getjob.aop.warn.BindingAdvice - com.kim.getjob.controller.UserController.join() => 필드 : email 경고 : 이메일을 입력하세요.
[2020-03-23 12:14:03:1958660][http-nio-8080-exec-9] WARN  c.kim.getjob.aop.warn.BindingAdvice - com.kim.getjob.controller.UserController.join() => 필드 : phone 경고 : 전화번호를 입력하세요.
[2020-03-23 12:14:03:1958660][http-nio-8080-exec-9] WARN  c.kim.getjob.aop.warn.BindingAdvice - com.kim.getjob.controller.UserController.join() => 필드 : userName 경고 : 이름을 입력하세요.
[2020-03-23 12:14:03:1958660][http-nio-8080-exec-9] WARN  c.kim.getjob.aop.warn.BindingAdvice - com.kim.getjob.controller.UserController.join() => 필드 : userId 경고 : 아이디를 입력하세요.
[2020-03-23 12:14:03:1958660][http-nio-8080-exec-9] WARN  c.kim.getjob.aop.warn.BindingAdvice - com.kim.getjob.controller.UserController.join() => 필드 : password 경고 : 패스워드를 입력하세요.
[2020-03-23 12:14:09:1965117][http-nio-8080-exec-10] WARN  c.kim.getjob.aop.warn.BindingAdvice - com.kim.getjob.controller.UserController.join() => 필드 : userId 경고 : 아이디를 입력하세요.
[2020-03-23 12:14:09:1965118][http-nio-8080-exec-10] WARN  c.kim.getjob.aop.warn.BindingAdvice - com.kim.getjob.controller.UserController.join() => 필드 : phone 경고 : 전화번호를 입력하세요.
[2020-03-23 12:14:09:1965118][http-nio-8080-exec-10] WARN  c.kim.getjob.aop.warn.BindingAdvice - com.kim.getjob.controller.UserController.join() => 필드 : password 경고 : 패스워드를 입력하세요.
[2020-03-23 12:14:09:1965118][http-nio-8080-exec-10] WARN  c.kim.getjob.aop.warn.BindingAdvice - com.kim.getjob.controller.UserController.join() => 필드 : email 경고 : 이메일을 입력하세요.
[2020-03-23 12:16:40:2116197][http-nio-8080-exec-9] WARN  c.kim.getjob.aop.warn.BindingAdvice - com.kim.getjob.controller.UserController.join() => 필드 : userId 경고 : 아이디를 입력하세요.
[2020-03-23 12:16:40:2116197][http-nio-8080-exec-9] WARN  c.kim.getjob.aop.warn.BindingAdvice - com.kim.getjob.controller.UserController.join() => 필드 : phone 경고 : 전화번호를 입력하세요.
[2020-03-23 12:16:40:2116197][http-nio-8080-exec-9] WARN  c.kim.getjob.aop.warn.BindingAdvice - com.kim.getjob.controller.UserController.join() => 필드 : password 경고 : 패스워드를 입력하세요.
[2020-03-23 12:16:40:2116197][http-nio-8080-exec-9] WARN  c.kim.getjob.aop.warn.BindingAdvice - com.kim.getjob.controller.UserController.join() => 필드 : email 경고 : 이메일을 입력하세요.
[2020-03-23 12:17:58:2193956][http-nio-8080-exec-7] WARN  c.kim.getjob.aop.warn.BindingAdvice - com.kim.getjob.controller.UserController.join() => 필드 : password 경고 : 패스워드를 입력하세요.
[2020-03-23 12:17:58:2193956][http-nio-8080-exec-7] WARN  c.kim.getjob.aop.warn.BindingAdvice - com.kim.getjob.controller.UserController.join() => 필드 : email 경고 : 이메일을 입력하세요.
[2020-03-23 12:17:58:2193957][http-nio-8080-exec-7] WARN  c.kim.getjob.aop.warn.BindingAdvice - com.kim.getjob.controller.UserController.join() => 필드 : userId 경고 : 아이디를 입력하세요.
[2020-03-23 12:17:58:2193957][http-nio-8080-exec-7] WARN  c.kim.getjob.aop.warn.BindingAdvice - com.kim.getjob.controller.UserController.join() => 필드 : phone 경고 : 전화번호를 입력하세요.
[2020-03-23 12:18:23:2219164][http-nio-8080-exec-8] WARN  c.kim.getjob.aop.warn.BindingAdvice - com.kim.getjob.controller.UserController.join() => 필드 : userId 경고 : 아이디를 입력하세요.
[2020-03-23 12:18:23:2219164][http-nio-8080-exec-8] WARN  c.kim.getjob.aop.warn.BindingAdvice - com.kim.getjob.controller.UserController.join() => 필드 : phone 경고 : 전화번호를 입력하세요.
[2020-03-23 12:18:23:2219165][http-nio-8080-exec-8] WARN  c.kim.getjob.aop.warn.BindingAdvice - com.kim.getjob.controller.UserController.join() => 필드 : password 경고 : 패스워드를 입력하세요.
[2020-03-23 12:18:23:2219165][http-nio-8080-exec-8] WARN  c.kim.getjob.aop.warn.BindingAdvice - com.kim.getjob.controller.UserController.join() => 필드 : email 경고 : 이메일을 입력하세요.
[2020-03-23 12:19:17:2272469][http-nio-8080-exec-1] WARN  c.kim.getjob.aop.warn.BindingAdvice - com.kim.getjob.controller.UserController.join() => 필드 : userId 경고 : 아이디를 입력하세요.
[2020-03-23 12:19:17:2272469][http-nio-8080-exec-1] WARN  c.kim.getjob.aop.warn.BindingAdvice - com.kim.getjob.controller.UserController.join() => 필드 : userName 경고 : 이름을 입력하세요.
[2020-03-23 12:19:17:2272469][http-nio-8080-exec-1] WARN  c.kim.getjob.aop.warn.BindingAdvice - com.kim.getjob.controller.UserController.join() => 필드 : phone 경고 : 전화번호를 입력하세요.
[2020-03-23 12:19:17:2272469][http-nio-8080-exec-1] WARN  c.kim.getjob.aop.warn.BindingAdvice - com.kim.getjob.controller.UserController.join() => 필드 : password 경고 : 패스워드를 입력하세요.
[2020-03-23 12:19:17:2272469][http-nio-8080-exec-1] WARN  c.kim.getjob.aop.warn.BindingAdvice - com.kim.getjob.controller.UserController.join() => 필드 : email 경고 : 이메일을 입력하세요.
[2020-03-23 12:19:52:2307516][http-nio-8080-exec-9] WARN  c.kim.getjob.aop.warn.BindingAdvice - com.kim.getjob.controller.UserController.join() => 필드 : userId 경고 : 아이디를 입력하세요.
[2020-03-23 12:19:52:2307516][http-nio-8080-exec-9] WARN  c.kim.getjob.aop.warn.BindingAdvice - com.kim.getjob.controller.UserController.join() => 필드 : phone 경고 : 전화번호를 입력하세요.
[2020-03-23 12:19:52:2307516][http-nio-8080-exec-9] WARN  c.kim.getjob.aop.warn.BindingAdvice - com.kim.getjob.controller.UserController.join() => 필드 : password 경고 : 패스워드를 입력하세요.
[2020-03-23 12:19:52:2307517][http-nio-8080-exec-9] WARN  c.kim.getjob.aop.warn.BindingAdvice - com.kim.getjob.controller.UserController.join() => 필드 : email 경고 : 이메일을 입력하세요.
[2020-03-23 12:20:19:2334364][http-nio-8080-exec-10] WARN  c.kim.getjob.aop.warn.BindingAdvice - com.kim.getjob.controller.UserController.join() => 필드 : password 경고 : 패스워드를 입력하세요.
[2020-03-23 12:20:19:2334365][http-nio-8080-exec-10] WARN  c.kim.getjob.aop.warn.BindingAdvice - com.kim.getjob.controller.UserController.join() => 필드 : email 경고 : 이메일을 입력하세요.
[2020-03-23 12:20:19:2334366][http-nio-8080-exec-10] WARN  c.kim.getjob.aop.warn.BindingAdvice - com.kim.getjob.controller.UserController.join() => 필드 : userId 경고 : 아이디를 입력하세요.
[2020-03-23 12:20:19:2334366][http-nio-8080-exec-10] WARN  c.kim.getjob.aop.warn.BindingAdvice - com.kim.getjob.controller.UserController.join() => 필드 : phone 경고 : 전화번호를 입력하세요.
[2020-03-23 12:20:21:2336542][http-nio-8080-exec-2] WARN  c.kim.getjob.aop.warn.BindingAdvice - com.kim.getjob.controller.UserController.join() => 필드 : password 경고 : 패스워드를 입력하세요.
[2020-03-23 12:20:21:2336542][http-nio-8080-exec-2] WARN  c.kim.getjob.aop.warn.BindingAdvice - com.kim.getjob.controller.UserController.join() => 필드 : email 경고 : 이메일을 입력하세요.
[2020-03-23 12:20:21:2336542][http-nio-8080-exec-2] WARN  c.kim.getjob.aop.warn.BindingAdvice - com.kim.getjob.controller.UserController.join() => 필드 : userId 경고 : 아이디를 입력하세요.
[2020-03-23 12:20:21:2336542][http-nio-8080-exec-2] WARN  c.kim.getjob.aop.warn.BindingAdvice - com.kim.getjob.controller.UserController.join() => 필드 : userName 경고 : 이름을 입력하세요.
[2020-03-23 12:20:21:2336542][http-nio-8080-exec-2] WARN  c.kim.getjob.aop.warn.BindingAdvice - com.kim.getjob.controller.UserController.join() => 필드 : phone 경고 : 전화번호를 입력하세요.
[2020-03-23 12:44:41:3797149][http-nio-8080-exec-3] WARN  c.kim.getjob.aop.warn.BindingAdvice - com.kim.getjob.controller.UserController.join() => 필드 : password 경고 : 패스워드를 입력하세요.
[2020-03-23 12:44:41:3797150][http-nio-8080-exec-3] WARN  c.kim.getjob.aop.warn.BindingAdvice - com.kim.getjob.controller.UserController.join() => 필드 : email 경고 : 이메일을 입력하세요.
[2020-03-23 12:44:41:3797150][http-nio-8080-exec-3] WARN  c.kim.getjob.aop.warn.BindingAdvice - com.kim.getjob.controller.UserController.join() => 필드 : userId 경고 : 아이디를 입력하세요.
[2020-03-23 12:44:41:3797150][http-nio-8080-exec-3] WARN  c.kim.getjob.aop.warn.BindingAdvice - com.kim.getjob.controller.UserController.join() => 필드 : userName 경고 : 이름을 입력하세요.
[2020-03-23 12:44:41:3797151][http-nio-8080-exec-3] WARN  c.kim.getjob.aop.warn.BindingAdvice - com.kim.getjob.controller.UserController.join() => 필드 : phone 경고 : 전화번호를 입력하세요.
[2020-03-23 13:59:11:8266928][http-nio-8080-exec-1] WARN  c.kim.getjob.aop.warn.BindingAdvice - com.kim.getjob.controller.UserController.join() => 필드 : phone 경고 : 전화번호를 입력하세요.
[2020-03-23 13:59:11:8266928][http-nio-8080-exec-1] WARN  c.kim.getjob.aop.warn.BindingAdvice - com.kim.getjob.controller.UserController.join() => 필드 : email 경고 : 이메일을 입력하세요.
[2020-03-23 13:59:11:8266928][http-nio-8080-exec-1] WARN  c.kim.getjob.aop.warn.BindingAdvice - com.kim.getjob.controller.UserController.join() => 필드 : userId 경고 : 아이디를 입력하세요.
[2020-03-23 13:59:11:8266928][http-nio-8080-exec-1] WARN  c.kim.getjob.aop.warn.BindingAdvice - com.kim.getjob.controller.UserController.join() => 필드 : password 경고 : 패스워드를 입력하세요.
[2020-03-23 14:27:10:9946160][http-nio-8080-exec-6] WARN  c.kim.getjob.aop.warn.BindingAdvice - com.kim.getjob.controller.UserController.join() => 필드 : phone 경고 : 전화번호를 입력하세요.
[2020-03-23 14:27:10:9946160][http-nio-8080-exec-6] WARN  c.kim.getjob.aop.warn.BindingAdvice - com.kim.getjob.controller.UserController.join() => 필드 : email 경고 : 이메일을 입력하세요.
[2020-03-23 14:27:10:9946160][http-nio-8080-exec-6] WARN  c.kim.getjob.aop.warn.BindingAdvice - com.kim.getjob.controller.UserController.join() => 필드 : userId 경고 : 아이디를 입력하세요.
[2020-03-23 14:27:10:9946160][http-nio-8080-exec-6] WARN  c.kim.getjob.aop.warn.BindingAdvice - com.kim.getjob.controller.UserController.join() => 필드 : password 경고 : 패스워드를 입력하세요.
[2020-03-23 14:27:13:9949185][http-nio-8080-exec-7] WARN  c.kim.getjob.aop.warn.BindingAdvice - com.kim.getjob.controller.UserController.join() => 필드 : phone 경고 : 전화번호를 입력하세요.
[2020-03-23 14:27:13:9949185][http-nio-8080-exec-7] WARN  c.kim.getjob.aop.warn.BindingAdvice - com.kim.getjob.controller.UserController.join() => 필드 : password 경고 : 패스워드를 입력하세요.
[2020-03-23 14:27:13:9949185][http-nio-8080-exec-7] WARN  c.kim.getjob.aop.warn.BindingAdvice - com.kim.getjob.controller.UserController.join() => 필드 : email 경고 : 이메일을 입력하세요.
[2020-03-23 14:27:13:9949185][http-nio-8080-exec-7] WARN  c.kim.getjob.aop.warn.BindingAdvice - com.kim.getjob.controller.UserController.join() => 필드 : userId 경고 : 아이디를 입력하세요.
[2020-03-23 14:27:38:9973448][http-nio-8080-exec-4] WARN  c.kim.getjob.aop.warn.BindingAdvice - com.kim.getjob.controller.UserController.join() => 필드 : userId 경고 : 아이디를 입력하세요.
[2020-03-23 14:27:38:9973448][http-nio-8080-exec-4] WARN  c.kim.getjob.aop.warn.BindingAdvice - com.kim.getjob.controller.UserController.join() => 필드 : phone 경고 : 전화번호를 입력하세요.
[2020-03-23 14:27:38:9973448][http-nio-8080-exec-4] WARN  c.kim.getjob.aop.warn.BindingAdvice - com.kim.getjob.controller.UserController.join() => 필드 : password 경고 : 패스워드를 입력하세요.
[2020-03-23 14:27:38:9973448][http-nio-8080-exec-4] WARN  c.kim.getjob.aop.warn.BindingAdvice - com.kim.getjob.controller.UserController.join() => 필드 : email 경고 : 이메일을 입력하세요.
[2020-03-23 14:27:41:9976880][http-nio-8080-exec-10] WARN  c.kim.getjob.aop.warn.BindingAdvice - com.kim.getjob.controller.UserController.join() => 필드 : email 경고 : 이메일을 입력하세요.
[2020-03-23 14:27:41:9976880][http-nio-8080-exec-10] WARN  c.kim.getjob.aop.warn.BindingAdvice - com.kim.getjob.controller.UserController.join() => 필드 : phone 경고 : 전화번호를 입력하세요.
[2020-03-23 14:27:41:9976880][http-nio-8080-exec-10] WARN  c.kim.getjob.aop.warn.BindingAdvice - com.kim.getjob.controller.UserController.join() => 필드 : password 경고 : 패스워드를 입력하세요.
[2020-03-23 14:27:41:9976880][http-nio-8080-exec-10] WARN  c.kim.getjob.aop.warn.BindingAdvice - com.kim.getjob.controller.UserController.join() => 필드 : userId 경고 : 아이디를 입력하세요.
[2020-03-23 14:28:56:10051968][http-nio-8080-exec-3] WARN  c.kim.getjob.aop.warn.BindingAdvice - com.kim.getjob.controller.UserController.join() => 필드 : userId 경고 : 아이디를 입력하세요.
[2020-03-23 14:28:56:10051968][http-nio-8080-exec-3] WARN  c.kim.getjob.aop.warn.BindingAdvice - com.kim.getjob.controller.UserController.join() => 필드 : phone 경고 : 전화번호를 입력하세요.
[2020-03-23 14:28:56:10051968][http-nio-8080-exec-3] WARN  c.kim.getjob.aop.warn.BindingAdvice - com.kim.getjob.controller.UserController.join() => 필드 : email 경고 : 이메일을 입력하세요.
[2020-03-23 14:28:56:10051968][http-nio-8080-exec-3] WARN  c.kim.getjob.aop.warn.BindingAdvice - com.kim.getjob.controller.UserController.join() => 필드 : password 경고 : 패스워드를 입력하세요.
[2020-03-23 14:29:01:10056801][http-nio-8080-exec-7] WARN  c.kim.getjob.aop.warn.BindingAdvice - com.kim.getjob.controller.UserController.join() => 필드 : phone 경고 : 전화번호를 입력하세요.
[2020-03-23 14:29:01:10056801][http-nio-8080-exec-7] WARN  c.kim.getjob.aop.warn.BindingAdvice - com.kim.getjob.controller.UserController.join() => 필드 : email 경고 : 이메일을 입력하세요.
[2020-03-23 14:29:01:10056801][http-nio-8080-exec-7] WARN  c.kim.getjob.aop.warn.BindingAdvice - com.kim.getjob.controller.UserController.join() => 필드 : userId 경고 : 아이디를 입력하세요.
[2020-03-23 14:29:01:10056801][http-nio-8080-exec-7] WARN  c.kim.getjob.aop.warn.BindingAdvice - com.kim.getjob.controller.UserController.join() => 필드 : password 경고 : 패스워드를 입력하세요.
[2020-03-23 14:33:36:10331729][http-nio-8080-exec-3] WARN  c.kim.getjob.aop.warn.BindingAdvice - com.kim.getjob.controller.UserController.join() => 필드 : userId 경고 : 아이디를 입력하세요.
[2020-03-23 14:33:36:10331729][http-nio-8080-exec-3] WARN  c.kim.getjob.aop.warn.BindingAdvice - com.kim.getjob.controller.UserController.join() => 필드 : phone 경고 : 전화번호를 입력하세요.
[2020-03-23 14:33:36:10331729][http-nio-8080-exec-3] WARN  c.kim.getjob.aop.warn.BindingAdvice - com.kim.getjob.controller.UserController.join() => 필드 : email 경고 : 이메일을 입력하세요.
[2020-03-23 14:33:36:10331729][http-nio-8080-exec-3] WARN  c.kim.getjob.aop.warn.BindingAdvice - com.kim.getjob.controller.UserController.join() => 필드 : password 경고 : 패스워드를 입력하세요.
[2020-03-23 14:52:05:11440776][http-nio-8080-exec-5] WARN  c.kim.getjob.aop.warn.BindingAdvice - com.kim.getjob.controller.UserController.join() => 필드 : userId 경고 : 아이디를 입력하세요.
[2020-03-23 14:52:05:11440777][http-nio-8080-exec-5] WARN  c.kim.getjob.aop.warn.BindingAdvice - com.kim.getjob.controller.UserController.join() => 필드 : phone 경고 : 전화번호를 입력하세요.
[2020-03-23 14:52:05:11440777][http-nio-8080-exec-5] WARN  c.kim.getjob.aop.warn.BindingAdvice - com.kim.getjob.controller.UserController.join() => 필드 : password 경고 : 패스워드를 입력하세요.
[2020-03-23 14:52:05:11440777][http-nio-8080-exec-5] WARN  c.kim.getjob.aop.warn.BindingAdvice - com.kim.getjob.controller.UserController.join() => 필드 : email 경고 : 이메일을 입력하세요.
[2020-03-23 15:18:32:13027417][http-nio-8080-exec-3] WARN  c.kim.getjob.aop.warn.BindingAdvice - com.kim.getjob.controller.UserController.join() => 필드 : userId 경고 : 아이디를 입력하세요.
[2020-03-23 15:18:32:13027417][http-nio-8080-exec-3] WARN  c.kim.getjob.aop.warn.BindingAdvice - com.kim.getjob.controller.UserController.join() => 필드 : phone 경고 : 전화번호를 입력하세요.
[2020-03-23 15:18:32:13027417][http-nio-8080-exec-3] WARN  c.kim.getjob.aop.warn.BindingAdvice - com.kim.getjob.controller.UserController.join() => 필드 : password 경고 : 패스워드를 입력하세요.
[2020-03-23 15:18:32:13027417][http-nio-8080-exec-3] WARN  c.kim.getjob.aop.warn.BindingAdvice - com.kim.getjob.controller.UserController.join() => 필드 : email 경고 : 이메일을 입력하세요.
[2020-03-23 15:20:02:13117730][http-nio-8080-exec-8] WARN  c.kim.getjob.aop.warn.BindingAdvice - com.kim.getjob.controller.UserController.join() => 필드 : password 경고 : 패스워드를 입력하세요.
[2020-03-23 15:20:02:13117730][http-nio-8080-exec-8] WARN  c.kim.getjob.aop.warn.BindingAdvice - com.kim.getjob.controller.UserController.join() => 필드 : email 경고 : 이메일을 입력하세요.
[2020-03-23 15:20:02:13117730][http-nio-8080-exec-8] WARN  c.kim.getjob.aop.warn.BindingAdvice - com.kim.getjob.controller.UserController.join() => 필드 : phone 경고 : 전화번호를 입력하세요.
[2020-03-23 15:20:43:13159194][http-nio-8080-exec-4] WARN  c.kim.getjob.aop.warn.BindingAdvice - com.kim.getjob.controller.UserController.join() => 필드 : phone 경고 : 전화번호를 입력하세요.
[2020-03-23 15:20:43:13159194][http-nio-8080-exec-4] WARN  c.kim.getjob.aop.warn.BindingAdvice - com.kim.getjob.controller.UserController.join() => 필드 : password 경고 : 패스워드를 입력하세요.
[2020-03-23 15:20:43:13159194][http-nio-8080-exec-4] WARN  c.kim.getjob.aop.warn.BindingAdvice - com.kim.getjob.controller.UserController.join() => 필드 : email 경고 : 이메일을 입력하세요.
[2020-03-23 15:25:16:13431826][http-nio-8080-exec-9] WARN  c.kim.getjob.aop.warn.BindingAdvice - com.kim.getjob.controller.UserController.join() => 필드 : password 경고 : 패스워드를 입력하세요.
[2020-03-23 15:25:16:13431827][http-nio-8080-exec-9] WARN  c.kim.getjob.aop.warn.BindingAdvice - com.kim.getjob.controller.UserController.join() => 필드 : email 경고 : 이메일을 입력하세요.
[2020-03-23 15:25:16:13431827][http-nio-8080-exec-9] WARN  c.kim.getjob.aop.warn.BindingAdvice - com.kim.getjob.controller.UserController.join() => 필드 : phone 경고 : 전화번호를 입력하세요.
[2020-03-23 15:25:16:13431827][http-nio-8080-exec-9] WARN  c.kim.getjob.aop.warn.BindingAdvice - com.kim.getjob.controller.UserController.join() => 필드 : userId 경고 : 아이디를 입력하세요.
[2020-03-23 15:25:17:13433016][http-nio-8080-exec-4] WARN  c.kim.getjob.aop.warn.BindingAdvice - com.kim.getjob.controller.UserController.join() => 필드 : password 경고 : 패스워드를 입력하세요.
[2020-03-23 15:25:17:13433016][http-nio-8080-exec-4] WARN  c.kim.getjob.aop.warn.BindingAdvice - com.kim.getjob.controller.UserController.join() => 필드 : email 경고 : 이메일을 입력하세요.
[2020-03-23 15:25:17:13433016][http-nio-8080-exec-4] WARN  c.kim.getjob.aop.warn.BindingAdvice - com.kim.getjob.controller.UserController.join() => 필드 : userId 경고 : 아이디를 입력하세요.
[2020-03-23 15:25:17:13433016][http-nio-8080-exec-4] WARN  c.kim.getjob.aop.warn.BindingAdvice - com.kim.getjob.controller.UserController.join() => 필드 : phone 경고 : 전화번호를 입력하세요.
[2020-03-23 16:01:26:15601779][http-nio-8080-exec-9] WARN  c.kim.getjob.aop.warn.BindingAdvice - com.kim.getjob.controller.UserController.join() => 필드 : email 경고 : 이메일 양식이 틀렸습니다.
[2020-03-23 16:01:26:15601780][http-nio-8080-exec-9] WARN  c.kim.getjob.aop.warn.BindingAdvice - com.kim.getjob.controller.UserController.join() => 필드 : userId 경고 : 아이디를 입력하세요.
[2020-03-23 16:01:26:15601780][http-nio-8080-exec-9] WARN  c.kim.getjob.aop.warn.BindingAdvice - com.kim.getjob.controller.UserController.join() => 필드 : phone 경고 : 전화번호를 입력하세요.
[2020-03-23 16:01:30:15606057][http-nio-8080-exec-3] WARN  c.kim.getjob.aop.warn.BindingAdvice - com.kim.getjob.controller.UserController.join() => 필드 : phone 경고 : 전화번호를 입력하세요.
[2020-03-23 16:01:30:15606057][http-nio-8080-exec-3] WARN  c.kim.getjob.aop.warn.BindingAdvice - com.kim.getjob.controller.UserController.join() => 필드 : userId 경고 : 아이디를 입력하세요.
[2020-03-23 16:01:30:15606057][http-nio-8080-exec-3] WARN  c.kim.getjob.aop.warn.BindingAdvice - com.kim.getjob.controller.UserController.join() => 필드 : email 경고 : 이메일 양식이 틀렸습니다.
[2020-03-23 16:01:35:15610553][http-nio-8080-exec-1] WARN  c.kim.getjob.aop.warn.BindingAdvice - com.kim.getjob.controller.UserController.join() => 필드 : userId 경고 : 아이디를 입력하세요.
[2020-03-23 16:01:35:15610553][http-nio-8080-exec-1] WARN  c.kim.getjob.aop.warn.BindingAdvice - com.kim.getjob.controller.UserController.join() => 필드 : userName 경고 : 이름을 입력하세요.
[2020-03-23 16:01:35:15610553][http-nio-8080-exec-1] WARN  c.kim.getjob.aop.warn.BindingAdvice - com.kim.getjob.controller.UserController.join() => 필드 : phone 경고 : 전화번호를 입력하세요.
[2020-03-23 16:01:35:15610553][http-nio-8080-exec-1] WARN  c.kim.getjob.aop.warn.BindingAdvice - com.kim.getjob.controller.UserController.join() => 필드 : email 경고 : 이메일 양식이 틀렸습니다.
[2020-03-23 16:23:06:16901883][http-nio-8080-exec-5] WARN  c.kim.getjob.aop.warn.BindingAdvice - com.kim.getjob.controller.UserController.join() => 필드 : userId 경고 : 아이디를 입력하세요.
[2020-03-23 16:23:06:16901883][http-nio-8080-exec-5] WARN  c.kim.getjob.aop.warn.BindingAdvice - com.kim.getjob.controller.UserController.join() => 필드 : userName 경고 : 이름을 입력하세요.
[2020-03-23 16:23:06:16901883][http-nio-8080-exec-5] WARN  c.kim.getjob.aop.warn.BindingAdvice - com.kim.getjob.controller.UserController.join() => 필드 : phone 경고 : 전화번호를 입력하세요.
[2020-03-23 16:23:06:16901883][http-nio-8080-exec-5] WARN  c.kim.getjob.aop.warn.BindingAdvice - com.kim.getjob.controller.UserController.join() => 필드 : password 경고 : 패스워드를 입력하세요.
